<?xml version="1.0" encoding="UTF-8"?>
<!-- Generated by org.testng.reporters.JUnitReportReporter -->
<testsuite skipped="0" hostname="D7QDHQC2" name="com.cognive.core.BuildValidationTest" tests="1" failures="0" timestamp="04 Apr 2018 10:24:31 GMT" time="0.008" errors="0">
  <testcase name="doTest" time="0.008" classname="com.cognive.core.BuildValidationTest"/>
</testsuite> <!-- com.cognive.core.BuildValidationTest -->
